# JRE version: OpenJDK Runtime Environment (11.0.3+12) (build 11.0.3+12-b304.56)
# Java VM: OpenJDK 64-Bit Server VM (11.0.3+12-b304.56, mixed mode, tiered, compressed oops, g1 gc, bsd-amd64)
Heap:
 garbage-first heap   total 285696K, used 47611K [0x0000000780000000, 0x0000000800000000)
  region size 1024K, 32 young (32768K), 4 survivors (4096K)
 Metaspace       used 19675K, capacity 20098K, committed 20224K, reserved 1067008K
  class space    used 1873K, capacity 2027K, committed 2048K, reserved 1048576K
GC Heap History (10 events):
Event: 5.996 GC heap before
{Heap before GC invocations=27 (full 0):
 garbage-first heap   total 285696K, used 186052K [0x0000000780000000, 0x0000000800000000)
  region size 1024K, 167 young (171008K), 1 survivors (1024K)
 Metaspace       used 19071K, capacity 19458K, committed 19712K, reserved 1067008K
  class space    used 1844K, capacity 1986K, committed 2048K, reserved 1048576K
}
Event: 5.996 GC heap after
{Heap after GC invocations=28 (full 0):
 garbage-first heap   total 285696K, used 16078K [0x0000000780000000, 0x0000000800000000)
  region size 1024K, 1 young (1024K), 1 survivors (1024K)
 Metaspace       used 19071K, capacity 19458K, committed 19712K, reserved 1067008K
  class space    used 1844K, capacity 1986K, committed 2048K, reserved 1048576K
}
Event: 6.080 GC heap before
{Heap before GC invocations=28 (full 0):
 garbage-first heap   total 285696K, used 186062K [0x0000000780000000, 0x0000000800000000)
  region size 1024K, 167 young (171008K), 1 survivors (1024K)
 Metaspace       used 19078K, capacity 19458K, committed 19712K, reserved 1067008K
  class space    used 1844K, capacity 1986K, committed 2048K, reserved 1048576K
}
Event: 6.081 GC heap after
{Heap after GC invocations=29 (full 0):
 garbage-first heap   total 285696K, used 16086K [0x0000000780000000, 0x0000000800000000)
  region size 1024K, 1 young (1024K), 1 survivors (1024K)
 Metaspace       used 19078K, capacity 19458K, committed 19712K, reserved 1067008K
  class space    used 1844K, capacity 1986K, committed 2048K, reserved 1048576K
}
Event: 6.151 GC heap before
{Heap before GC invocations=29 (full 0):
 garbage-first heap   total 285696K, used 186070K [0x0000000780000000, 0x0000000800000000)
  region size 1024K, 167 young (171008K), 1 survivors (1024K)
 Metaspace       used 19124K, capacity 19522K, committed 19712K, reserved 1067008K
  class space    used 1848K, capacity 1986K, committed 2048K, reserved 1048576K
}
Event: 6.152 GC heap after
{Heap after GC invocations=30 (full 0):
 garbage-first heap   total 285696K, used 16118K [0x0000000780000000, 0x0000000800000000)
  region size 1024K, 1 young (1024K), 1 survivors (1024K)
 Metaspace       used 19124K, capacity 19522K, committed 19712K, reserved 1067008K
  class space    used 1848K, capacity 1986K, committed 2048K, reserved 1048576K
}
Event: 6.207 GC heap before
{Heap before GC invocations=30 (full 0):
 garbage-first heap   total 285696K, used 186102K [0x0000000780000000, 0x0000000800000000)
  region size 1024K, 167 young (171008K), 1 survivors (1024K)
 Metaspace       used 19124K, capacity 19522K, committed 19712K, reserved 1067008K
  class space    used 1848K, capacity 1986K, committed 2048K, reserved 1048576K
}
Event: 6.208 GC heap after
{Heap after GC invocations=31 (full 0):
 garbage-first heap   total 285696K, used 16144K [0x0000000780000000, 0x0000000800000000)
  region size 1024K, 1 young (1024K), 1 survivors (1024K)
 Metaspace       used 19124K, capacity 19522K, committed 19712K, reserved 1067008K
  class space    used 1848K, capacity 1986K, committed 2048K, reserved 1048576K
}
Event: 6.282 GC heap before
{Heap before GC invocations=31 (full 0):
 garbage-first heap   total 285696K, used 186128K [0x0000000780000000, 0x0000000800000000)
  region size 1024K, 167 young (171008K), 1 survivors (1024K)
 Metaspace       used 19165K, capacity 19586K, committed 19968K, reserved 1067008K
  class space    used 1848K, capacity 1986K, committed 2048K, reserved 1048576K
}
Event: 6.286 GC heap after
{Heap after GC invocations=32 (full 0):
 garbage-first heap   total 285696K, used 19963K [0x0000000780000000, 0x0000000800000000)
  region size 1024K, 4 young (4096K), 4 survivors (4096K)
 Metaspace       used 19165K, capacity 19586K, committed 19968K, reserved 1067008K
  class space    used 1848K, capacity 1986K, committed 2048K, reserved 1048576K
}

